<?xml version="1.0" encoding="UTF-8"?>
<!-- Generated by org.testng.reporters.JUnitReportReporter -->
<testsuite hostname="LAPTOP-DLCP2JCN" failures="0" tests="3" name="Tests.WebsiteURLReports" time="33.652" errors="0" timestamp="2023-09-03T18:37:13 IST" skipped="0">
  <testcase classname="Tests.WebsiteURLReports" name="testInvalidWebsiteURL" time="15.495"/>
  <testcase classname="Tests.WebsiteURLReports" name="testValidWebsiteURL" time="9.248"/>
  <testcase classname="Tests.WebsiteURLReports" name="testURLWithQueryString" time="8.909"/>
</testsuite> <!-- Tests.WebsiteURLReports -->
