<?xml version="1.0" encoding="UTF-8"?>
<!-- Generated by org.testng.reporters.JUnitReportReporter -->
<testsuite hostname="LAPTOP-DLCP2JCN" failures="0" tests="1" name="Tests.WebsiteTest" time="18.910" errors="0" timestamp="2023-09-03T18:34:49 IST" skipped="0">
  <testcase classname="Tests.WebsiteTest" name="launchWebsite" time="18.910"/>
</testsuite> <!-- Tests.WebsiteTest -->
